LOG: 2025/01/23 23:21:15 di.go:18: Starting Blog API Server...
LOG: 2025/01/24 00:07:32 di.go:18: Starting Blog API Server...
LOG: 2025/01/24 00:10:26 di.go:18: Starting Blog API Server...
LOG: 2025/01/24 00:10:26 di.go:20: Database connected successfully.
LOG: 2025/01/24 08:24:02 di.go:20: Starting Blog API Server...
LOG: 2025/01/24 08:24:02 di.go:22: Database connected successfully.
LOG: 2025/01/24 08:46:07 di.go:35: Starting Blog API Server...
LOG: 2025/01/24 08:46:07 di.go:37: Database connected successfully.
LOG: 2025/01/24 08:51:18 di.go:35: Starting Blog API Server...
LOG: 2025/01/24 08:51:18 di.go:37: Database connected successfully.
LOG: 2025/01/24 08:55:53 di.go:35: Starting Blog API Server...
LOG: 2025/01/24 08:55:54 di.go:37: Database connected successfully.
LOG: 2025/01/24 09:05:32 di.go:35: Starting Blog API Server...
LOG: 2025/01/24 09:05:32 di.go:37: Database connected successfully.
LOG: 2025/01/24 09:09:05 di.go:35: Starting Blog API Server...
LOG: 2025/01/24 09:09:05 di.go:37: Database connected successfully.
LOG: 2025/01/24 09:19:09 di.go:35: Starting Blog API Server...
LOG: 2025/01/24 09:19:09 di.go:37: Database connected successfully.
LOG: 2025/01/24 09:32:51 di.go:35: Starting Blog API Server...
LOG: 2025/01/24 09:32:51 di.go:37: Database connected successfully.
LOG: 2025/01/24 09:33:01 di.go:39: Request: GET /api/v1/blog-post
LOG: 2025/01/24 09:35:05 di.go:39: Request: POST /api/v1/blog-post
LOG: 2025/01/24 10:35:41 di.go:35: Starting Blog API Server...
LOG: 2025/01/24 10:35:41 di.go:37: Database connected successfully.
LOG: 2025/01/24 10:36:11 di.go:39: Request: GET /swagger/index.html
LOG: 2025/01/24 10:36:11 di.go:39: Request: GET /swagger/swagger-ui.css
LOG: 2025/01/24 10:36:11 di.go:39: Request: GET /swagger/swagger-ui-standalone-preset.js
LOG: 2025/01/24 10:36:11 di.go:39: Request: GET /swagger/swagger-ui-bundle.js
LOG: 2025/01/24 10:36:11 di.go:39: Request: GET /swagger/doc.json
LOG: 2025/01/24 10:36:21 di.go:39: Request: GET /api/v1/blog-post
